{
  "stats": {
    "suites": 1,
    "tests": 1,
    "passes": 0,
    "pending": 0,
    "failures": 1,
    "start": "2024-08-14T13:33:12.666Z",
    "end": "2024-08-14T13:36:04.955Z",
    "duration": 172289,
    "testsRegistered": 1,
    "passPercent": 0,
    "pendingPercent": 0,
    "other": 0,
    "hasOther": false,
    "skipped": 0,
    "hasSkipped": false
  },
  "results": [
    {
      "uuid": "8e0a17a9-b3d4-4e72-97de-2b0e5d0af07b",
      "title": "",
      "fullFile": "cypress\\e2e\\tests\\editShipmentCost.cy.js",
      "file": "cypress\\e2e\\tests\\editShipmentCost.cy.js",
      "beforeHooks": [],
      "afterHooks": [],
      "tests": [],
      "suites": [
        {
          "uuid": "cd505611-f3e4-41f7-834c-ffead4fd06d1",
          "title": "Shipment Tests",
          "fullFile": "",
          "file": "",
          "beforeHooks": [],
          "afterHooks": [],
          "tests": [
            {
              "title": "Should create a new shipment with type delivery",
              "fullTitle": "Shipment Tests Should create a new shipment with type delivery",
              "timedOut": null,
              "duration": 168989,
              "state": "failed",
              "speed": null,
              "pass": false,
              "fail": true,
              "pending": false,
              "context": null,
              "code": "//No need to navigate to shipment page as default page is shipment page after login\n//Click on the create shipment button\nshipmentObj.clickCreateShipment();\n//Click on shipment type\nshipmentObj.clickShipmentType();\nshipmentObj.selectShipmentStatus(_shipmentData.default.deliveryShipmentStatus);\nshipmentObj.enterForwarderDetails(_shipmentData.default.forwarder, _shipmentData.default.forwarderPRONumber);\nshipmentObj.handleRecoveryContactOption(_shipmentData.default.recoveryOption, _shipmentData.default.recoverySearchName, _shipmentData.default.shipperInformation.locationName, _shipmentData.default.shipperInformation.addressLine1, _shipmentData.default.shipperInformation.city, _shipmentData.default.shipperInformation.state, _shipmentData.default.shipperInformation.zip);\nshipmentObj.handleconsigneeContactOption(_consigneeData.default.consigneeOption, _consigneeData.default.consigneeInformation.searchName, _consigneeData.default.consigneeInformation.locationName, _consigneeData.default.consigneeInformation.addressLine1, _consigneeData.default.consigneeInformation.addressLine2, _consigneeData.default.consigneeInformation.city, _consigneeData.default.consigneeInformation.state, _consigneeData.default.consigneeInformation.zip);\nshipmentObj.enterProviderInformation(_providerDetailsData.default.readyDate, _providerDetailsData.default.readyTime, _providerDetailsData.default.deliveryDate, _providerDetailsData.default.deliveryTime);\nshipmentObj.handleProviderOption(_providerDetailsData.default.providerOption.toUpperCase());\nshipmentObj.enterFreightInformation(_freightItemData.default.freightPieces, _freightItemData.default.freightType);\nshipmentObj.handleToggleButtons(_accessorialData.default.toggleButtonsSet);\nshipmentObj.untoggleCheckbox(_accessorialData.default.untoggleButtonsSet);\nshipmentObj.uploadShipmentAttachment(_shipmentData.default.filePath1);\nshipmentObj.verifyShipmentPopup;\nshipmentObj.fetchAndStoreCudaID();\nshipmentObj.searchRecordByCudaID();\nshipmentCost.clickOnshipmentCostingButton(0);\nshipmentCost.addChargesAndVerify(_shipmentData.default.shipmentCostingChargeCode, _shipmentData.default.shipmentChargeDescription, _shipmentData.default.shipmentCost);\nshipmentCost.editSpecificCharge(5, _shipmentData.default.newDescription);\nshipmentCost.unlockChargeAndRecalculate(_shipmentData.default.newDescription);\nshipmentCost.deleteSpecificCharge(4);\nshipmentCost.uploadFile(_shipmentData.default.costingfilepath);\nshipmentCost.editInfoAndApprove(_shipmentData.default.podName, _shipmentData.default.refineSearchOption);",
              "err": {
                "message": "AssertionError: Timed out retrying after 4000ms: Expected to find element: `5`, but never found it. Queried from:\n\n              > cy.get(table.shipment-costing__list tbody, [object Object]).find(tr.charge-list-item)",
                "estack": "AssertionError: Timed out retrying after 4000ms: Expected to find element: `5`, but never found it. Queried from:\n\n              > cy.get(table.shipment-costing__list tbody, [object Object]).find(tr.charge-list-item)\n    at editShipmentCost.editSpecificCharge (webpack://testautomation/./cypress/pages/editShipmentCosting.js:90:17)\n    at Context.eval (webpack://testautomation/./cypress/e2e/tests/editShipmentCost.cy.js:87:21)",
                "diff": null
              },
              "uuid": "de6423d9-ae24-421f-8ef3-d0df818fd87e",
              "parentUUID": "cd505611-f3e4-41f7-834c-ffead4fd06d1",
              "isHook": false,
              "skipped": false
            }
          ],
          "suites": [],
          "passes": [],
          "failures": [
            "de6423d9-ae24-421f-8ef3-d0df818fd87e"
          ],
          "pending": [],
          "skipped": [],
          "duration": 168989,
          "root": false,
          "rootEmpty": false,
          "_timeout": 2000
        }
      ],
      "passes": [],
      "failures": [],
      "pending": [],
      "skipped": [],
      "duration": 0,
      "root": true,
      "rootEmpty": true,
      "_timeout": 2000
    }
  ],
  "meta": {
    "mocha": {
      "version": "7.0.1"
    },
    "mochawesome": {
      "options": {
        "quiet": false,
        "reportFilename": "mochawesome",
        "saveHtml": false,
        "saveJson": true,
        "consoleReporter": "spec",
        "useInlineDiffs": false,
        "code": true
      },
      "version": "7.1.3"
    },
    "marge": {
      "options": {
        "reportDir": "cypress\\reports\\mochawesome\\.jsons",
        "overwrite": false,
        "html": false,
        "json": true
      },
      "version": "6.2.0"
    }
  }
}