{
  "stats": {
    "suites": 1,
    "tests": 1,
    "passes": 1,
    "pending": 0,
    "failures": 0,
    "start": "2024-10-05T14:23:18.263Z",
    "end": "2024-10-05T14:25:56.313Z",
    "duration": 158050,
    "testsRegistered": 1,
    "passPercent": 100,
    "pendingPercent": 0,
    "other": 0,
    "hasOther": false,
    "skipped": 0,
    "hasSkipped": false
  },
  "results": [
    {
      "uuid": "292aa335-b03d-4e0d-abf9-f2f148a1de97",
      "title": "",
      "fullFile": "cypress\\e2e\\tests\\createPickupDeliveryForAndroidApp.cy.js",
      "file": "cypress\\e2e\\tests\\createPickupDeliveryForAndroidApp.cy.js",
      "beforeHooks": [],
      "afterHooks": [],
      "tests": [],
      "suites": [
        {
          "uuid": "3641ce19-bb84-4438-9b7a-798e0934ba74",
          "title": "Shipment Tests",
          "fullFile": "",
          "file": "",
          "beforeHooks": [],
          "afterHooks": [],
          "tests": [
            {
              "title": "Should show newly created shipment under routing screen",
              "fullTitle": "Shipment Tests Should show newly created shipment under routing screen",
              "timedOut": null,
              "duration": 154667,
              "state": "passed",
              "speed": "slow",
              "pass": true,
              "fail": false,
              "pending": false,
              "context": null,
              "code": "shipmentObj.clickCreateShipment();\nshipmentObj.clickShipmentType();\nshipmentObj.selectShipmentStatus(_shipmentData.default.deliveryShipmentStatus);\nshipmentObj.enterForwarderDetails(_shipmentData.default.forwarder, _shipmentData.default.forwarderPRONumber);\nshipmentObj.handleShipperContactOption(_shipmentData.default.recoveryOption, _shipmentData.default.recoverySearchName, _shipmentData.default.shipperInformation.locationName, _shipmentData.default.shipperInformation.addressLine1, _shipmentData.default.shipperInformation.city, _shipmentData.default.shipperInformation.state, _shipmentData.default.shipperInformation.zip);\nshipmentObj.handleDropContactOption(_consigneeData.default.consigneeOption, _consigneeData.default.consigneeInformation.searchName, _consigneeData.default.consigneeInformation.locationName, _consigneeData.default.consigneeInformation.addressLine1, _consigneeData.default.consigneeInformation.addressLine2, _consigneeData.default.consigneeInformation.city, _consigneeData.default.consigneeInformation.state, _consigneeData.default.consigneeInformation.zip);\nShipmentRouting.enterProviderInformationUsingCurrDateTime();\nshipmentObj.handleProviderOption(_providerDetailsData.default.providerOption.toUpperCase());\nshipmentObj.enterFreightInformation(_freightItemData.default.freightPieces, _freightItemData.default.freightType);\nshipmentObj.handleToggleButtons(_accessorialData.default.toggleButtonsSet);\nshipmentObj.untoggleCheckbox(_accessorialData.default.untoggleButtonsSet);\nshipmentObj.uploadShipmentAttachment(_shipmentData.default.filePath1, _shipmentData.default.filePath2);\nshipmentObj.verifyShipmentPopup();\nshipmentObj.fetchAndStoreCudaID();\nshipmentObj.storeAllData();\nshipmentObj.searchRecordByCudaID();\nShipmentRouting.searchDragnDropRecordByRefNo(_routingData.default.shipments[0].type);\nShipmentRouting.saveAndDispatchRoute(_routingData.default.truckDriver01);",
              "err": {},
              "uuid": "9ee1417c-4a12-4401-b2bf-002fd28e6941",
              "parentUUID": "3641ce19-bb84-4438-9b7a-798e0934ba74",
              "isHook": false,
              "skipped": false
            }
          ],
          "suites": [],
          "passes": [
            "9ee1417c-4a12-4401-b2bf-002fd28e6941"
          ],
          "failures": [],
          "pending": [],
          "skipped": [],
          "duration": 154667,
          "root": false,
          "rootEmpty": false,
          "_timeout": 2000
        }
      ],
      "passes": [],
      "failures": [],
      "pending": [],
      "skipped": [],
      "duration": 0,
      "root": true,
      "rootEmpty": true,
      "_timeout": 2000
    }
  ],
  "meta": {
    "mocha": {
      "version": "7.0.1"
    },
    "mochawesome": {
      "options": {
        "quiet": false,
        "reportFilename": "mochawesome",
        "saveHtml": false,
        "saveJson": true,
        "consoleReporter": "spec",
        "useInlineDiffs": false,
        "code": true
      },
      "version": "7.1.3"
    },
    "marge": {
      "options": {
        "reportDir": "cypress\\reports\\mochawesome\\.jsons",
        "overwrite": false,
        "html": false,
        "json": true
      },
      "version": "6.2.0"
    }
  }
}