{
  "stats": {
    "suites": 1,
    "tests": 1,
    "passes": 1,
    "pending": 0,
    "failures": 0,
    "start": "2024-07-23T11:25:38.510Z",
    "end": "2024-07-23T11:25:47.217Z",
    "duration": 8707,
    "testsRegistered": 1,
    "passPercent": 100,
    "pendingPercent": 0,
    "other": 0,
    "hasOther": false,
    "skipped": 0,
    "hasSkipped": false
  },
  "results": [
    {
      "uuid": "29b8b7f4-cbd4-48f8-884f-092eea5e5618",
      "title": "",
      "fullFile": "cypress\\e2e\\tests\\loginTest.cy.js",
      "file": "cypress\\e2e\\tests\\loginTest.cy.js",
      "beforeHooks": [],
      "afterHooks": [],
      "tests": [],
      "suites": [
        {
          "uuid": "f9c263fb-518a-437d-8caa-120b573d4946",
          "title": "test automation",
          "fullFile": "",
          "file": "",
          "beforeHooks": [],
          "afterHooks": [],
          "tests": [
            {
              "title": "login flow",
              "fullTitle": "test automation login flow",
              "timedOut": null,
              "duration": 5812,
              "state": "passed",
              "speed": "medium",
              "pass": true,
              "fail": false,
              "pending": false,
              "context": null,
              "code": "//assertion for email check \nexpect(_loginData.default.email).to.match(/^[a-zA-Z0-9.%+-]+@[a-zA-Z0-9.-]+\\.[a-zA-Z]{2,}$/);\nloginObj.openURL();\nloginObj.enterEmail(_loginData.default.email);\nloginObj.enterPassword(_loginData.default.password);\nloginObj.clickLogin();\n//assertion for dashboard screen \nCypress.Commands.add('waitForAdminShipmentsPage', () => {\n  return cy.url().should('include', '/admin/shipments?page=1');\n});",
              "err": {},
              "uuid": "0ffb8d0a-ed8c-44a8-bccd-d58465f06926",
              "parentUUID": "f9c263fb-518a-437d-8caa-120b573d4946",
              "isHook": false,
              "skipped": false
            }
          ],
          "suites": [],
          "passes": [
            "0ffb8d0a-ed8c-44a8-bccd-d58465f06926"
          ],
          "failures": [],
          "pending": [],
          "skipped": [],
          "duration": 5812,
          "root": false,
          "rootEmpty": false,
          "_timeout": 2000
        }
      ],
      "passes": [],
      "failures": [],
      "pending": [],
      "skipped": [],
      "duration": 0,
      "root": true,
      "rootEmpty": true,
      "_timeout": 2000
    }
  ],
  "meta": {
    "mocha": {
      "version": "7.0.1"
    },
    "mochawesome": {
      "options": {
        "quiet": false,
        "reportFilename": "mochawesome",
        "saveHtml": false,
        "saveJson": true,
        "consoleReporter": "spec",
        "useInlineDiffs": false,
        "code": true
      },
      "version": "7.1.3"
    },
    "marge": {
      "options": {
        "reportDir": "cypress\\reports\\mochawesome\\.jsons",
        "overwrite": false,
        "html": false,
        "json": true
      },
      "version": "6.2.0"
    }
  }
}