{
  "stats": {
    "suites": 1,
    "tests": 3,
    "passes": 2,
    "pending": 0,
    "failures": 1,
    "start": "2024-08-14T13:28:21.142Z",
    "end": "2024-08-14T13:31:00.675Z",
    "duration": 159533,
    "testsRegistered": 3,
    "passPercent": 66.66666666666666,
    "pendingPercent": 0,
    "other": 0,
    "hasOther": false,
    "skipped": 0,
    "hasSkipped": false
  },
  "results": [
    {
      "uuid": "157688ba-042f-4fa1-9cc0-0fcddf50d967",
      "title": "",
      "fullFile": "cypress\\e2e\\tests\\createNewQuote.cy.js",
      "file": "cypress\\e2e\\tests\\createNewQuote.cy.js",
      "beforeHooks": [],
      "afterHooks": [],
      "tests": [],
      "suites": [
        {
          "uuid": "f800f093-594b-42f7-954b-0e4e0bbbfe4a",
          "title": "Create Quote Tests",
          "fullFile": "",
          "file": "",
          "beforeHooks": [],
          "afterHooks": [],
          "tests": [
            {
              "title": "Should create a new quote with type Delivery",
              "fullTitle": "Create Quote Tests Should create a new quote with type Delivery",
              "timedOut": null,
              "duration": 53442,
              "state": "failed",
              "speed": null,
              "pass": false,
              "fail": true,
              "pending": false,
              "context": null,
              "code": "quoteObj.clickQuotesRouter();\nquoteObj.quoteDetails(_quoteData.default.deliveryQuote.designationType, _quoteData.default.deliveryQuote.date, _quoteData.default.deliveryQuote.forwarder, _quoteData.default.deliveryQuote.dropOffZipCode, _quoteData.default.deliveryQuote.dropoffZone);\nquoteObj.typeIntoCombobox(_quoteData.default.deliveryQuote.expectedOptions, _quoteData.default.deliveryQuote.containOptions);\nquoteObj.freightDetails(_quoteData.default.deliveryQuote.freightPieces, _quoteData.default.deliveryQuote.freightWeightInLBS, _quoteData.default.deliveryQuote.freightWeightMethod);\nquoteObj.getQuotePriceandSave();\nquoteObj.assertToastNotification();\n//quoteObj.searchQuoteByRefNo();",
              "err": {
                "message": "AssertionError: Timed out retrying after 4000ms: Expected to find element: `span.quote-edit__total--amount`, but never found it.",
                "estack": "AssertionError: Timed out retrying after 4000ms: Expected to find element: `span.quote-edit__total--amount`, but never found it.\n    at quotes.getQuotePriceandSave (webpack://testautomation/./cypress/pages/deliveryQuotes.js:109:13)\n    at Context.eval (webpack://testautomation/./cypress/e2e/tests/createNewQuote.cy.js:40:17)",
                "diff": null
              },
              "uuid": "2460fdac-f0ca-4517-821c-bd20815e65fd",
              "parentUUID": "f800f093-594b-42f7-954b-0e4e0bbbfe4a",
              "isHook": false,
              "skipped": false
            },
            {
              "title": "Should create a new quote with type Pickup",
              "fullTitle": "Create Quote Tests Should create a new quote with type Pickup",
              "timedOut": null,
              "duration": 50841,
              "state": "passed",
              "speed": "slow",
              "pass": true,
              "fail": false,
              "pending": false,
              "context": null,
              "code": "pickupQuoteObj.clickQuotesRouter();\npickupQuoteObj.quoteDetails(_quoteData.default.pickupQuote.designationType, _quoteData.default.pickupQuote.date, _quoteData.default.pickupQuote.forwarder, _quoteData.default.pickupQuote.pickupZipCode, _quoteData.default.pickupQuote.pickupZone);\npickupQuoteObj.typeIntoCombobox(_quoteData.default.pickupQuote.expectedOptions, _quoteData.default.pickupQuote.containOptions);\npickupQuoteObj.freightDetails(_quoteData.default.pickupQuote.freightPieces, _quoteData.default.pickupQuote.freightWeightInLBS, _quoteData.default.pickupQuote.freightWeightMethod);\npickupQuoteObj.getQuotePriceandSave();\npickupQuoteObj.assertToastNotification();\n//pickupQuoteObj.searchQuoteByRefNo();",
              "err": {},
              "uuid": "860b7be8-2ccc-4c68-a714-2cb243d98e10",
              "parentUUID": "f800f093-594b-42f7-954b-0e4e0bbbfe4a",
              "isHook": false,
              "skipped": false
            },
            {
              "title": "Should create a new quote with type Direct Delivery",
              "fullTitle": "Create Quote Tests Should create a new quote with type Direct Delivery",
              "timedOut": null,
              "duration": 51242,
              "state": "passed",
              "speed": "slow",
              "pass": true,
              "fail": false,
              "pending": false,
              "context": null,
              "code": "directDeliveryQuoteObj.clickQuotesRouter();\ndirectDeliveryQuoteObj.quoteDetails(_quoteData.default.directDeliveryQuote.designationType, _quoteData.default.directDeliveryQuote.date, _quoteData.default.directDeliveryQuote.forwarder, _quoteData.default.directDeliveryQuote.pickupZipCode, _quoteData.default.directDeliveryQuote.pickupZone, _quoteData.default.directDeliveryQuote.dropOffZipCode, _quoteData.default.directDeliveryQuote.dropoffZone);\ndirectDeliveryQuoteObj.typeIntoCombobox(_quoteData.default.directDeliveryQuote.expectedOptions, _quoteData.default.directDeliveryQuote.containOptions);\ndirectDeliveryQuoteObj.freightDetails(_quoteData.default.directDeliveryQuote.freightPieces, _quoteData.default.directDeliveryQuote.freightWeightInLBS, _quoteData.default.directDeliveryQuote.freightWeightMethod);\ndirectDeliveryQuoteObj.getQuotePriceandSave();\ndirectDeliveryQuoteObj.assertToastNotification();\n//pickupQuoteObj.searchQuoteByRefNo();",
              "err": {},
              "uuid": "32fe50fc-2cbe-437f-8e69-c7fa2e994b61",
              "parentUUID": "f800f093-594b-42f7-954b-0e4e0bbbfe4a",
              "isHook": false,
              "skipped": false
            }
          ],
          "suites": [],
          "passes": [
            "860b7be8-2ccc-4c68-a714-2cb243d98e10",
            "32fe50fc-2cbe-437f-8e69-c7fa2e994b61"
          ],
          "failures": [
            "2460fdac-f0ca-4517-821c-bd20815e65fd"
          ],
          "pending": [],
          "skipped": [],
          "duration": 155525,
          "root": false,
          "rootEmpty": false,
          "_timeout": 2000
        }
      ],
      "passes": [],
      "failures": [],
      "pending": [],
      "skipped": [],
      "duration": 0,
      "root": true,
      "rootEmpty": true,
      "_timeout": 2000
    }
  ],
  "meta": {
    "mocha": {
      "version": "7.0.1"
    },
    "mochawesome": {
      "options": {
        "quiet": false,
        "reportFilename": "mochawesome",
        "saveHtml": false,
        "saveJson": true,
        "consoleReporter": "spec",
        "useInlineDiffs": false,
        "code": true
      },
      "version": "7.1.3"
    },
    "marge": {
      "options": {
        "reportDir": "cypress\\reports\\mochawesome\\.jsons",
        "overwrite": false,
        "html": false,
        "json": true
      },
      "version": "6.2.0"
    }
  }
}