{
  "stats": {
    "suites": 1,
    "tests": 1,
    "passes": 1,
    "pending": 0,
    "failures": 0,
    "start": "2024-07-23T11:22:23.252Z",
    "end": "2024-07-23T11:24:01.414Z",
    "duration": 98162,
    "testsRegistered": 1,
    "passPercent": 100,
    "pendingPercent": 0,
    "other": 0,
    "hasOther": false,
    "skipped": 0,
    "hasSkipped": false
  },
  "results": [
    {
      "uuid": "2646f42a-9c2c-4830-8020-197661c44b37",
      "title": "",
      "fullFile": "cypress\\e2e\\tests\\createDirectDeliveryShipment.cy.js",
      "file": "cypress\\e2e\\tests\\createDirectDeliveryShipment.cy.js",
      "beforeHooks": [],
      "afterHooks": [],
      "tests": [],
      "suites": [
        {
          "uuid": "4e57e571-d0e2-475a-b027-220ff1c19498",
          "title": "Shipment Tests",
          "fullFile": "",
          "file": "",
          "beforeHooks": [],
          "afterHooks": [],
          "tests": [
            {
              "title": "Should create a new shipment with type delivery",
              "fullTitle": "Shipment Tests Should create a new shipment with type delivery",
              "timedOut": null,
              "duration": 95486,
              "state": "passed",
              "speed": "slow",
              "pass": true,
              "fail": false,
              "pending": false,
              "context": null,
              "code": "//No need to navigate to shipment page as default page is shipment page after login\n//Click on the create shipment button\nshipmentObj.clickCreateShipment();\n//Click on shipment type\nshipmentObj.clickShipmentType();\nshipmentObj.selectShipmentStatus(_shipmentData.default.directDeliveryShipmentStatus);\nshipmentObj.enterForwarderDetails(_shipmentData.default.forwarder, _shipmentData.default.forwarderPRONumber);\nshipmentObj.handleShipperContactOption(_shipmentData.default.contactOption);\nshipmentObj.handleconsigneeContactOption(_consigneeData.default.consigneeOption);\nshipmentObj.enterShipperInformation(_shipmentData.default.shipperInformation.locationName, _shipmentData.default.shipperInformation.addressLine1, _shipmentData.default.shipperInformation.city, _shipmentData.default.shipperInformation.state, _shipmentData.default.shipperInformation.zip);\nshipmentObj.enterConsigneeformation(_consigneeData.default.consigneeInformation.locationName, _consigneeData.default.consigneeInformation.addressLine1, _consigneeData.default.consigneeInformation.addressLine2, _consigneeData.default.consigneeInformation.city, _consigneeData.default.consigneeInformation.state, _consigneeData.default.consigneeInformation.zip);\nshipmentObj.enterProviderInformation(_providerDetailsData.default.readyDate, _providerDetailsData.default.readyTime, _providerDetailsData.default.pickUpDate, _providerDetailsData.default.pickUpTime, _providerDetailsData.default.deliveryDate, _providerDetailsData.default.deliveryTime);\nshipmentObj.handleProviderOption(_providerDetailsData.default.providerOption.toUpperCase());\nshipmentObj.enterFreightInformation(_freightItemData.default.freightPieces, _freightItemData.default.freightType);\nshipmentObj.handleToggleButtons(_accessorialData.default.toggleButtonsSet);\nshipmentObj.untoggleCheckbox(_accessorialData.default.untoggleButtonsSet);\nshipmentObj.uploadShipmentAttachment(_shipmentData.default.filePath1, _shipmentData.default.filePath2);\nshipmentObj.verifyShipmentPopup;\nshipmentObj.fetchAndStoreCudaID();\nshipmentObj.searchRecordByCudaID();\nshipmentObj.clickOnEllipsisButtonAtIndex(0);\nshipmentObj.clickOnDeleteShipment();",
              "err": {},
              "uuid": "1e174167-8e08-4be0-85d2-13a0b872a47d",
              "parentUUID": "4e57e571-d0e2-475a-b027-220ff1c19498",
              "isHook": false,
              "skipped": false
            }
          ],
          "suites": [],
          "passes": [
            "1e174167-8e08-4be0-85d2-13a0b872a47d"
          ],
          "failures": [],
          "pending": [],
          "skipped": [],
          "duration": 95486,
          "root": false,
          "rootEmpty": false,
          "_timeout": 2000
        }
      ],
      "passes": [],
      "failures": [],
      "pending": [],
      "skipped": [],
      "duration": 0,
      "root": true,
      "rootEmpty": true,
      "_timeout": 2000
    }
  ],
  "meta": {
    "mocha": {
      "version": "7.0.1"
    },
    "mochawesome": {
      "options": {
        "quiet": false,
        "reportFilename": "mochawesome",
        "saveHtml": false,
        "saveJson": true,
        "consoleReporter": "spec",
        "useInlineDiffs": false,
        "code": true
      },
      "version": "7.1.3"
    },
    "marge": {
      "options": {
        "reportDir": "cypress\\reports\\mochawesome\\.jsons",
        "overwrite": false,
        "html": false,
        "json": true
      },
      "version": "6.2.0"
    }
  }
}