{
  "stats": {
    "suites": 1,
    "tests": 1,
    "passes": 1,
    "pending": 0,
    "failures": 0,
    "start": "2024-07-25T18:44:25.891Z",
    "end": "2024-07-25T18:46:00.444Z",
    "duration": 94553,
    "testsRegistered": 1,
    "passPercent": 100,
    "pendingPercent": 0,
    "other": 0,
    "hasOther": false,
    "skipped": 0,
    "hasSkipped": false
  },
  "results": [
    {
      "uuid": "5e2b4c51-31a7-49ad-bce4-279d3cf5ef18",
      "title": "",
      "fullFile": "cypress\\e2e\\tests\\createPickupShipment.cy.js",
      "file": "cypress\\e2e\\tests\\createPickupShipment.cy.js",
      "beforeHooks": [],
      "afterHooks": [],
      "tests": [],
      "suites": [
        {
          "uuid": "83dc421e-4f57-4bfb-a0eb-1459afa23cc0",
          "title": "Shipment Tests",
          "fullFile": "",
          "file": "",
          "beforeHooks": [],
          "afterHooks": [],
          "tests": [
            {
              "title": "should create a new shipment",
              "fullTitle": "Shipment Tests should create a new shipment",
              "timedOut": null,
              "duration": 92341,
              "state": "passed",
              "speed": "slow",
              "pass": true,
              "fail": false,
              "pending": false,
              "context": null,
              "code": "//No need to navigate to shipment page as default page is shipment page after login\n//Click on the create shipment button\nshipmentObj.clickCreateShipment();\n//Click on shipment type\nshipmentObj.clickShipmentType();\nshipmentObj.selectShipmentStatus(_shipmentData.default.pickupShipmentStatus);\nshipmentObj.enterForwarderDetails(_shipmentData.default.forwarder, _shipmentData.default.forwarderPRONumber);\nshipmentObj.handleShipperContactOption(_shipmentData.default.contactOption);\nshipmentObj.handleDropContactOption(_dropInformationData.default.dropOption);\nshipmentObj.enterShipperInformation(_shipmentData.default.shipperInformation.locationName, _shipmentData.default.shipperInformation.addressLine1, _shipmentData.default.shipperInformation.city, _shipmentData.default.shipperInformation.state, _shipmentData.default.shipperInformation.zip);\nshipmentObj.enterDropInformation(_dropInformationData.default.dropInformation.locationName, _dropInformationData.default.dropInformation.addressLine1, _dropInformationData.default.dropInformation.addressLine2, _dropInformationData.default.dropInformation.city, _dropInformationData.default.dropInformation.state, _dropInformationData.default.dropInformation.zip);\nshipmentObj.enterProviderInformation(_providerDetailsData.default.readyDate, _providerDetailsData.default.readyTime, _providerDetailsData.default.pickUpDate, _providerDetailsData.default.pickUpTime, _providerDetailsData.default.dropDate, _providerDetailsData.default.dropTime);\nshipmentObj.handleProviderOption(_providerDetailsData.default.providerOption.toUpperCase());\nshipmentObj.enterFreightInformation(_freightItemData.default.freightPieces, _freightItemData.default.freightType);\nshipmentObj.handleToggleButtons(_accessorialData.default.toggleButtonsSet);\nshipmentObj.untoggleCheckbox(_accessorialData.default.untoggleButtonsSet);\nshipmentObj.uploadShipmentAttachment(_shipmentData.default.filePath1, _shipmentData.default.filePath2);\nshipmentObj.verifyShipmentPopup;\nshipmentObj.fetchAndStoreCudaID();\nshipmentObj.searchRecordByCudaID();\nshipmentObj.clickOnEllipsisButtonAtIndex(0);\nshipmentObj.clickOnDeleteShipment();",
              "err": {},
              "uuid": "c79fb0d7-a605-4e16-9ec0-bc3f2c56cf77",
              "parentUUID": "83dc421e-4f57-4bfb-a0eb-1459afa23cc0",
              "isHook": false,
              "skipped": false
            }
          ],
          "suites": [],
          "passes": [
            "c79fb0d7-a605-4e16-9ec0-bc3f2c56cf77"
          ],
          "failures": [],
          "pending": [],
          "skipped": [],
          "duration": 92341,
          "root": false,
          "rootEmpty": false,
          "_timeout": 2000
        }
      ],
      "passes": [],
      "failures": [],
      "pending": [],
      "skipped": [],
      "duration": 0,
      "root": true,
      "rootEmpty": true,
      "_timeout": 2000
    }
  ],
  "meta": {
    "mocha": {
      "version": "7.0.1"
    },
    "mochawesome": {
      "options": {
        "quiet": false,
        "reportFilename": "mochawesome",
        "saveHtml": false,
        "saveJson": true,
        "consoleReporter": "spec",
        "useInlineDiffs": false,
        "code": true
      },
      "version": "7.1.3"
    },
    "marge": {
      "options": {
        "reportDir": "cypress\\reports\\mochawesome\\.jsons",
        "overwrite": false,
        "html": false,
        "json": true
      },
      "version": "6.2.0"
    }
  }
}