{
  "stats": {
    "suites": 1,
    "tests": 1,
    "passes": 0,
    "pending": 0,
    "failures": 1,
    "start": "2024-07-25T18:40:36.760Z",
    "end": "2024-07-25T18:42:22.974Z",
    "duration": 106214,
    "testsRegistered": 1,
    "passPercent": 0,
    "pendingPercent": 0,
    "other": 0,
    "hasOther": false,
    "skipped": 0,
    "hasSkipped": false
  },
  "results": [
    {
      "uuid": "67a0be4a-19bd-42f2-90d6-ba0c648565de",
      "title": "",
      "fullFile": "cypress\\e2e\\tests\\createDeliveryShipment.cy.js",
      "file": "cypress\\e2e\\tests\\createDeliveryShipment.cy.js",
      "beforeHooks": [],
      "afterHooks": [],
      "tests": [],
      "suites": [
        {
          "uuid": "28b88189-00c2-4a69-9ff3-83c04e5a6412",
          "title": "Shipment Tests",
          "fullFile": "",
          "file": "",
          "beforeHooks": [],
          "afterHooks": [],
          "tests": [
            {
              "title": "Should create a new shipment with type delivery",
              "fullTitle": "Shipment Tests Should create a new shipment with type delivery",
              "timedOut": null,
              "duration": 102657,
              "state": "failed",
              "speed": null,
              "pass": false,
              "fail": true,
              "pending": false,
              "context": null,
              "code": "//No need to navigate to shipment page as default page is shipment page after login\n//Click on the create shipment button\nshipmentObj.clickCreateShipment();\n//Click on shipment type\nshipmentObj.clickShipmentType();\nshipmentObj.selectShipmentStatus(_shipmentData.default.deliveryShipmentStatus);\nshipmentObj.enterForwarderDetails(_shipmentData.default.forwarder, _shipmentData.default.forwarderPRONumber);\nshipmentObj.handleRecoveryContactOption(_shipmentData.default.RecoveryOption);\nshipmentObj.handleConsigneeContactOption(_consigneeData.default.consigneeOption);\nshipmentObj.enterRecoveryInformation(_shipmentData.default.shipperInformation.locationName, _shipmentData.default.shipperInformation.addressLine1, _shipmentData.default.shipperInformation.city, _shipmentData.default.shipperInformation.state, _shipmentData.default.shipperInformation.zip);\nshipmentObj.enterConsigneeformation(_consigneeData.default.consigneeInformation.locationName, _consigneeData.default.consigneeInformation.addressLine1, _consigneeData.default.consigneeInformation.addressLine2, _consigneeData.default.consigneeInformation.city, _consigneeData.default.consigneeInformation.state, _consigneeData.default.consigneeInformation.zip);\nshipmentObj.enterProviderInformation(_providerDetailsData.default.readyDate, _providerDetailsData.default.readyTime, _providerDetailsData.default.deliveryDate, _providerDetailsData.default.deliveryTime);\nshipmentObj.handleProviderOption(_providerDetailsData.default.providerOption.toUpperCase());\nshipmentObj.enterFreightInformation(_freightItemData.default.freightPieces, _freightItemData.default.freightType);\nshipmentObj.handleToggleButtons(_accessorialData.default.toggleButtonsSet);\nshipmentObj.untoggleCheckbox(_accessorialData.default.untoggleButtonsSet);\nshipmentObj.uploadShipmentAttachment(_shipmentData.default.filePath1, _shipmentData.default.filePath2);\nshipmentObj.verifyShipmentPopup;\nshipmentObj.fetchAndStoreCudaID();\nshipmentObj.searchRecordByCudaID();\nshipmentObj.clickOnEllipsisButtonAtIndex(0);\nshipmentObj.clickOnDeleteShipment();",
              "err": {
                "message": "AssertionError: Timed out retrying after 4000ms: Expected to find element: `input[type=\"text\"][placeholder*=\"CUDA ID\"]`, but never found it.",
                "estack": "AssertionError: Timed out retrying after 4000ms: Expected to find element: `input[type=\"text\"][placeholder*=\"CUDA ID\"]`, but never found it.\n    at Context.eval (webpack://testautomation/./cypress/pages/createDeliveryShipment.js:187:63)",
                "diff": null
              },
              "uuid": "ce514be2-e3d9-4886-835e-d31c04ae0afe",
              "parentUUID": "28b88189-00c2-4a69-9ff3-83c04e5a6412",
              "isHook": false,
              "skipped": false
            }
          ],
          "suites": [],
          "passes": [],
          "failures": [
            "ce514be2-e3d9-4886-835e-d31c04ae0afe"
          ],
          "pending": [],
          "skipped": [],
          "duration": 102657,
          "root": false,
          "rootEmpty": false,
          "_timeout": 2000
        }
      ],
      "passes": [],
      "failures": [],
      "pending": [],
      "skipped": [],
      "duration": 0,
      "root": true,
      "rootEmpty": true,
      "_timeout": 2000
    }
  ],
  "meta": {
    "mocha": {
      "version": "7.0.1"
    },
    "mochawesome": {
      "options": {
        "quiet": false,
        "reportFilename": "mochawesome",
        "saveHtml": false,
        "saveJson": true,
        "consoleReporter": "spec",
        "useInlineDiffs": false,
        "code": true
      },
      "version": "7.1.3"
    },
    "marge": {
      "options": {
        "reportDir": "cypress\\reports\\mochawesome\\.jsons",
        "overwrite": false,
        "html": false,
        "json": true
      },
      "version": "6.2.0"
    }
  }
}