{
  "stats": {
    "suites": 1,
    "tests": 1,
    "passes": 1,
    "pending": 0,
    "failures": 0,
    "start": "2024-08-14T13:36:08.842Z",
    "end": "2024-08-14T13:36:16.666Z",
    "duration": 7824,
    "testsRegistered": 1,
    "passPercent": 100,
    "pendingPercent": 0,
    "other": 0,
    "hasOther": false,
    "skipped": 0,
    "hasSkipped": false
  },
  "results": [
    {
      "uuid": "edc871c9-e364-4322-a690-7ae3f489dbe6",
      "title": "",
      "fullFile": "cypress\\e2e\\tests\\loginTest.cy.js",
      "file": "cypress\\e2e\\tests\\loginTest.cy.js",
      "beforeHooks": [],
      "afterHooks": [],
      "tests": [],
      "suites": [
        {
          "uuid": "584694bc-3832-4f1b-a55b-4d911710e74b",
          "title": "test automation",
          "fullFile": "",
          "file": "",
          "beforeHooks": [],
          "afterHooks": [],
          "tests": [
            {
              "title": "login flow",
              "fullTitle": "test automation login flow",
              "timedOut": null,
              "duration": 4843,
              "state": "passed",
              "speed": "fast",
              "pass": true,
              "fail": false,
              "pending": false,
              "context": null,
              "code": "//assertion for email check \nexpect(_loginData.default.email).to.match(/^[a-zA-Z0-9.%+-]+@[a-zA-Z0-9.-]+\\.[a-zA-Z]{2,}$/);\nloginObj.openURL();\nloginObj.enterEmail(_loginData.default.email);\nloginObj.enterPassword(_loginData.default.password);\nloginObj.clickLogin();\n//assertion for dashboard screen \nCypress.Commands.add('waitForAdminShipmentsPage', () => {\n  return cy.url().should('include', '/admin/shipments?page=1');\n});",
              "err": {},
              "uuid": "7023b29e-b3df-4400-bd98-057f60452cd5",
              "parentUUID": "584694bc-3832-4f1b-a55b-4d911710e74b",
              "isHook": false,
              "skipped": false
            }
          ],
          "suites": [],
          "passes": [
            "7023b29e-b3df-4400-bd98-057f60452cd5"
          ],
          "failures": [],
          "pending": [],
          "skipped": [],
          "duration": 4843,
          "root": false,
          "rootEmpty": false,
          "_timeout": 2000
        }
      ],
      "passes": [],
      "failures": [],
      "pending": [],
      "skipped": [],
      "duration": 0,
      "root": true,
      "rootEmpty": true,
      "_timeout": 2000
    }
  ],
  "meta": {
    "mocha": {
      "version": "7.0.1"
    },
    "mochawesome": {
      "options": {
        "quiet": false,
        "reportFilename": "mochawesome",
        "saveHtml": false,
        "saveJson": true,
        "consoleReporter": "spec",
        "useInlineDiffs": false,
        "code": true
      },
      "version": "7.1.3"
    },
    "marge": {
      "options": {
        "reportDir": "cypress\\reports\\mochawesome\\.jsons",
        "overwrite": false,
        "html": false,
        "json": true
      },
      "version": "6.2.0"
    }
  }
}