{
  "stats": {
    "suites": 1,
    "tests": 1,
    "passes": 0,
    "pending": 0,
    "failures": 1,
    "start": "2024-07-23T11:24:05.151Z",
    "end": "2024-07-23T11:25:34.748Z",
    "duration": 89597,
    "testsRegistered": 1,
    "passPercent": 0,
    "pendingPercent": 0,
    "other": 0,
    "hasOther": false,
    "skipped": 0,
    "hasSkipped": false
  },
  "results": [
    {
      "uuid": "bcf49e56-d1b7-4dbf-a9c7-305fdf70c22d",
      "title": "",
      "fullFile": "cypress\\e2e\\tests\\createPickupShipment.cy.js",
      "file": "cypress\\e2e\\tests\\createPickupShipment.cy.js",
      "beforeHooks": [],
      "afterHooks": [],
      "tests": [],
      "suites": [
        {
          "uuid": "94345049-e461-4a03-bdd2-bd47ffd9a58e",
          "title": "Shipment Tests",
          "fullFile": "",
          "file": "",
          "beforeHooks": [],
          "afterHooks": [],
          "tests": [
            {
              "title": "should create a new shipment",
              "fullTitle": "Shipment Tests should create a new shipment",
              "timedOut": null,
              "duration": 86719,
              "state": "failed",
              "speed": null,
              "pass": false,
              "fail": true,
              "pending": false,
              "context": null,
              "code": "//No need to navigate to shipment page as default page is shipment page after login\n//Click on the create shipment button\nshipmentObj.clickCreateShipment();\n//Click on shipment type\nshipmentObj.clickShipmentType();\nshipmentObj.selectShipmentStatus(_shipmentData.default.pickupShipmentStatus);\nshipmentObj.enterForwarderDetails(_shipmentData.default.forwarder, _shipmentData.default.forwarderPRONumber);\nshipmentObj.handleShipperContactOption(_shipmentData.default.contactOption);\nshipmentObj.handleDropContactOption(_dropInformationData.default.dropOption);\nshipmentObj.enterShipperInformation(_shipmentData.default.shipperInformation.locationName, _shipmentData.default.shipperInformation.addressLine1, _shipmentData.default.shipperInformation.city, _shipmentData.default.shipperInformation.state, _shipmentData.default.shipperInformation.zip);\nshipmentObj.enterDropInformation(_dropInformationData.default.dropInformation.locationName, _dropInformationData.default.dropInformation.addressLine1, _dropInformationData.default.dropInformation.addressLine2, _dropInformationData.default.dropInformation.city, _dropInformationData.default.dropInformation.state, _dropInformationData.default.dropInformation.zip);\nshipmentObj.enterProviderInformation(_providerDetailsData.default.readyDate, _providerDetailsData.default.readyTime, _providerDetailsData.default.pickUpDate, _providerDetailsData.default.pickUpTime, _providerDetailsData.default.dropDate, _providerDetailsData.default.dropTime);\nshipmentObj.handleProviderOption(_providerDetailsData.default.providerOption.toUpperCase());\nshipmentObj.enterFreightInformation(_freightItemData.default.freightPieces, _freightItemData.default.freightType);\nshipmentObj.handleToggleButtons(_accessorialData.default.toggleButtonsSet);\nshipmentObj.untoggleCheckbox(_accessorialData.default.untoggleButtonsSet);\nshipmentObj.uploadShipmentAttachment(_shipmentData.default.filePath1, _shipmentData.default.filePath2);\nshipmentObj.verifyShipmentPopup;\nshipmentObj.fetchAndStoreCudaID();\nshipmentObj.searchRecordByCudaID();\nshipmentObj.clickOnEllipsisButtonAtIndex(0);\nshipmentObj.clickOnDeleteShipment();",
              "err": {
                "message": "CypressError: Timed out retrying after 4050ms: `cy.click()` failed because it requires a DOM element or document.\n\nNo elements in the current DOM matched your query:\n\n  > cy.get(button.button.button--icon).eq(0)",
                "estack": "CypressError: Timed out retrying after 4050ms: `cy.click()` failed because it requires a DOM element or document.\n\nNo elements in the current DOM matched your query:\n\n  > cy.get(button.button.button--icon).eq(0)\n    at isElement (https://dev.cudacartagetms.com/__cypress/runner/cypress_runner.js:145304:62)\n    at validateType (https://dev.cudacartagetms.com/__cypress/runner/cypress_runner.js:145162:14)\n    at Object.isType (https://dev.cudacartagetms.com/__cypress/runner/cypress_runner.js:145193:7)\n    at Array.<anonymous> (https://dev.cudacartagetms.com/__cypress/runner/cypress_runner.js:135558:24)\n    at $Cy.getSubjectFromChain (https://dev.cudacartagetms.com/__cypress/runner/cypress_runner.js:138905:34)\n    at _actionability__WEBPACK_IMPORTED_MODULE_6__.default.verify.subjectFn (https://dev.cudacartagetms.com/__cypress/runner/cypress_runner.js:112564:51)\n    at retryActionability (https://dev.cudacartagetms.com/__cypress/runner/cypress_runner.js:113266:27)\n    at tryCatcher (https://dev.cudacartagetms.com/__cypress/runner/cypress_runner.js:1807:23)\n    at Promise.attempt.Promise.try (https://dev.cudacartagetms.com/__cypress/runner/cypress_runner.js:4315:29)\n    at whenStable (https://dev.cudacartagetms.com/__cypress/runner/cypress_runner.js:144055:68)\n    at <unknown> (https://dev.cudacartagetms.com/__cypress/runner/cypress_runner.js:143996:14)\n    at tryCatcher (https://dev.cudacartagetms.com/__cypress/runner/cypress_runner.js:1807:23)\n    at Promise._settlePromiseFromHandler (https://dev.cudacartagetms.com/__cypress/runner/cypress_runner.js:1519:31)\n    at Promise._settlePromise (https://dev.cudacartagetms.com/__cypress/runner/cypress_runner.js:1576:18)\n    at Promise._settlePromise0 (https://dev.cudacartagetms.com/__cypress/runner/cypress_runner.js:1621:10)\n    at Promise._settlePromises (https://dev.cudacartagetms.com/__cypress/runner/cypress_runner.js:1701:18)\n    at Promise._fulfill (https://dev.cudacartagetms.com/__cypress/runner/cypress_runner.js:1645:18)\n    at <unknown> (https://dev.cudacartagetms.com/__cypress/runner/cypress_runner.js:5450:46)\nFrom Your Spec Code:\n    at createShipment.clickOnEllipsisButtonAtIndex (webpack://testautomation/./cypress/pages/createPickupShipment.js:198:58)\n    at Context.eval (webpack://testautomation/./cypress/e2e/tests/createPickupShipment.cy.js:84:20)",
                "diff": null
              },
              "uuid": "7c59ea8f-ecb7-4396-a978-a6750e438e39",
              "parentUUID": "94345049-e461-4a03-bdd2-bd47ffd9a58e",
              "isHook": false,
              "skipped": false
            }
          ],
          "suites": [],
          "passes": [],
          "failures": [
            "7c59ea8f-ecb7-4396-a978-a6750e438e39"
          ],
          "pending": [],
          "skipped": [],
          "duration": 86719,
          "root": false,
          "rootEmpty": false,
          "_timeout": 2000
        }
      ],
      "passes": [],
      "failures": [],
      "pending": [],
      "skipped": [],
      "duration": 0,
      "root": true,
      "rootEmpty": true,
      "_timeout": 2000
    }
  ],
  "meta": {
    "mocha": {
      "version": "7.0.1"
    },
    "mochawesome": {
      "options": {
        "quiet": false,
        "reportFilename": "mochawesome",
        "saveHtml": false,
        "saveJson": true,
        "consoleReporter": "spec",
        "useInlineDiffs": false,
        "code": true
      },
      "version": "7.1.3"
    },
    "marge": {
      "options": {
        "reportDir": "cypress\\reports\\mochawesome\\.jsons",
        "overwrite": false,
        "html": false,
        "json": true
      },
      "version": "6.2.0"
    }
  }
}